<?xml version="1.0" encoding="UTF-8"?>
<!-- Generated by org.testng.reporters.JUnitXMLReporter -->
<testsuite hostname="Lokeshs-Air.fritz.box" ignored="0" name="Test" tests="2" failures="0" timestamp="02 Nov 2018 02:06:03 GMT" time="28.23" errors="0">
  <testcase name="@AfterTest closeBrowser" time="0.0" classname="Trivago_Mars.TestCase003">
    <failure type="org.testng.TestNGException" message="
Can inject only one of &amp;lt;ITestContext, XmlTest&amp;gt; into a @AfterTest annotated closeBrowser.
For more information on native dependency injection please refer to http://testng.org/doc/documentation-main.html#native-dependency-injection">
      <![CDATA[org.testng.TestNGException: 
Can inject only one of <ITestContext, XmlTest> into a @AfterTest annotated closeBrowser.
For more information on native dependency injection please refer to http://testng.org/doc/documentation-main.html#native-dependency-injection
... Removed 21 stack frames]]>
    </failure>
  </testcase> <!-- @AfterTest closeBrowser -->
  <testcase name="Search" time="10.51" classname="Trivago_Mars.TestCase003"/>
  <testcase name="TestCase003_Navigate" time="17.652" classname="Trivago_Mars.TestCase003"/>
</testsuite> <!-- Test -->
